<?xml version="1.0" encoding="UTF-8"?>
<!-- Generated by org.testng.reporters.JUnitReportReporter -->
<testsuite hostname="kineticskunk-ThinkPad-T420" name="getRequest.GetData" tests="3" failures="0" timestamp="5 Feb 2019 07:01:40 GMT" time="4.527" errors="0">
  <testcase name="testResponseergast" time="2.587" classname="getRequest.GetData"/>
  <testcase name="test_ScenarioRetrieveFirstCircuitFor2017SeasonAndGetCountry_ShouldBeAustralia" time="0.829" classname="getRequest.GetData"/>
  <testcase name="test_NumberOfCircuits_ShouldBe20_Parameterized" time="1.111" classname="getRequest.GetData"/>
</testsuite> <!-- getRequest.GetData -->
