<?xml version="1.0" encoding="UTF-8"?>
<!-- Generated by org.testng.reporters.JUnitReportReporter -->
<testsuite hostname="kineticskunk-ThinkPad-T420" name="getRequest.GetData" tests="3" failures="0" timestamp="6 Feb 2019 07:46:46 GMT" time="4.607" errors="0">
  <testcase name="testResponseergast" time="2.434" classname="getRequest.GetData"/>
  <testcase name="test_ScenarioRetrieveFirstCircuitFor2017SeasonAndGetCountry_ShouldBeAustralia" time="0.848" classname="getRequest.GetData"/>
  <testcase name="test_NumberOfCircuits_ShouldBe20_Parameterized" time="1.325" classname="getRequest.GetData"/>
</testsuite> <!-- getRequest.GetData -->
